{"nbformat":4,"nbformat_minor":0,"metadata":{"colab":{"provenance":[],"authorship_tag":"ABX9TyMw5hzv/zd1cbXEoq6RUvK1"},"kernelspec":{"name":"python3","display_name":"Python 3"},"language_info":{"name":"python"}},"cells":[{"cell_type":"code","source":["import numpy as np\n","import matplotlib.pyplot as plt\n","from google.colab import files\n","import io\n","import pandas as pd\n","\n","data = files.upload()"],"metadata":{"colab":{"base_uri":"https://localhost:8080/","height":73},"id":"S1KJ-RjDxi7O","executionInfo":{"status":"ok","timestamp":1663944745904,"user_tz":-240,"elapsed":27376,"user":{"displayName":"benishan","userId":"08980193435420648673"}},"outputId":"9a695536-1690-4779-a7e6-2f78eb1828c2"},"execution_count":17,"outputs":[{"output_type":"display_data","data":{"text/plain":["<IPython.core.display.HTML object>"],"text/html":["\n","     <input type=\"file\" id=\"files-b8dd8da5-d5a0-45fa-b4b5-2c7628a0b76f\" name=\"files[]\" multiple disabled\n","        style=\"border:none\" />\n","     <output id=\"result-b8dd8da5-d5a0-45fa-b4b5-2c7628a0b76f\">\n","      Upload widget is only available when the cell has been executed in the\n","      current browser session. Please rerun this cell to enable.\n","      </output>\n","      <script>// Copyright 2017 Google LLC\n","//\n","// Licensed under the Apache License, Version 2.0 (the \"License\");\n","// you may not use this file except in compliance with the License.\n","// You may obtain a copy of the License at\n","//\n","//      http://www.apache.org/licenses/LICENSE-2.0\n","//\n","// Unless required by applicable law or agreed to in writing, software\n","// distributed under the License is distributed on an \"AS IS\" BASIS,\n","// WITHOUT WARRANTIES OR CONDITIONS OF ANY KIND, either express or implied.\n","// See the License for the specific language governing permissions and\n","// limitations under the License.\n","\n","/**\n"," * @fileoverview Helpers for google.colab Python module.\n"," */\n","(function(scope) {\n","function span(text, styleAttributes = {}) {\n","  const element = document.createElement('span');\n","  element.textContent = text;\n","  for (const key of Object.keys(styleAttributes)) {\n","    element.style[key] = styleAttributes[key];\n","  }\n","  return element;\n","}\n","\n","// Max number of bytes which will be uploaded at a time.\n","const MAX_PAYLOAD_SIZE = 100 * 1024;\n","\n","function _uploadFiles(inputId, outputId) {\n","  const steps = uploadFilesStep(inputId, outputId);\n","  const outputElement = document.getElementById(outputId);\n","  // Cache steps on the outputElement to make it available for the next call\n","  // to uploadFilesContinue from Python.\n","  outputElement.steps = steps;\n","\n","  return _uploadFilesContinue(outputId);\n","}\n","\n","// This is roughly an async generator (not supported in the browser yet),\n","// where there are multiple asynchronous steps and the Python side is going\n","// to poll for completion of each step.\n","// This uses a Promise to block the python side on completion of each step,\n","// then passes the result of the previous step as the input to the next step.\n","function _uploadFilesContinue(outputId) {\n","  const outputElement = document.getElementById(outputId);\n","  const steps = outputElement.steps;\n","\n","  const next = steps.next(outputElement.lastPromiseValue);\n","  return Promise.resolve(next.value.promise).then((value) => {\n","    // Cache the last promise value to make it available to the next\n","    // step of the generator.\n","    outputElement.lastPromiseValue = value;\n","    return next.value.response;\n","  });\n","}\n","\n","/**\n"," * Generator function which is called between each async step of the upload\n"," * process.\n"," * @param {string} inputId Element ID of the input file picker element.\n"," * @param {string} outputId Element ID of the output display.\n"," * @return {!Iterable<!Object>} Iterable of next steps.\n"," */\n","function* uploadFilesStep(inputId, outputId) {\n","  const inputElement = document.getElementById(inputId);\n","  inputElement.disabled = false;\n","\n","  const outputElement = document.getElementById(outputId);\n","  outputElement.innerHTML = '';\n","\n","  const pickedPromise = new Promise((resolve) => {\n","    inputElement.addEventListener('change', (e) => {\n","      resolve(e.target.files);\n","    });\n","  });\n","\n","  const cancel = document.createElement('button');\n","  inputElement.parentElement.appendChild(cancel);\n","  cancel.textContent = 'Cancel upload';\n","  const cancelPromise = new Promise((resolve) => {\n","    cancel.onclick = () => {\n","      resolve(null);\n","    };\n","  });\n","\n","  // Wait for the user to pick the files.\n","  const files = yield {\n","    promise: Promise.race([pickedPromise, cancelPromise]),\n","    response: {\n","      action: 'starting',\n","    }\n","  };\n","\n","  cancel.remove();\n","\n","  // Disable the input element since further picks are not allowed.\n","  inputElement.disabled = true;\n","\n","  if (!files) {\n","    return {\n","      response: {\n","        action: 'complete',\n","      }\n","    };\n","  }\n","\n","  for (const file of files) {\n","    const li = document.createElement('li');\n","    li.append(span(file.name, {fontWeight: 'bold'}));\n","    li.append(span(\n","        `(${file.type || 'n/a'}) - ${file.size} bytes, ` +\n","        `last modified: ${\n","            file.lastModifiedDate ? file.lastModifiedDate.toLocaleDateString() :\n","                                    'n/a'} - `));\n","    const percent = span('0% done');\n","    li.appendChild(percent);\n","\n","    outputElement.appendChild(li);\n","\n","    const fileDataPromise = new Promise((resolve) => {\n","      const reader = new FileReader();\n","      reader.onload = (e) => {\n","        resolve(e.target.result);\n","      };\n","      reader.readAsArrayBuffer(file);\n","    });\n","    // Wait for the data to be ready.\n","    let fileData = yield {\n","      promise: fileDataPromise,\n","      response: {\n","        action: 'continue',\n","      }\n","    };\n","\n","    // Use a chunked sending to avoid message size limits. See b/62115660.\n","    let position = 0;\n","    do {\n","      const length = Math.min(fileData.byteLength - position, MAX_PAYLOAD_SIZE);\n","      const chunk = new Uint8Array(fileData, position, length);\n","      position += length;\n","\n","      const base64 = btoa(String.fromCharCode.apply(null, chunk));\n","      yield {\n","        response: {\n","          action: 'append',\n","          file: file.name,\n","          data: base64,\n","        },\n","      };\n","\n","      let percentDone = fileData.byteLength === 0 ?\n","          100 :\n","          Math.round((position / fileData.byteLength) * 100);\n","      percent.textContent = `${percentDone}% done`;\n","\n","    } while (position < fileData.byteLength);\n","  }\n","\n","  // All done.\n","  yield {\n","    response: {\n","      action: 'complete',\n","    }\n","  };\n","}\n","\n","scope.google = scope.google || {};\n","scope.google.colab = scope.google.colab || {};\n","scope.google.colab._files = {\n","  _uploadFiles,\n","  _uploadFilesContinue,\n","};\n","})(self);\n","</script> "]},"metadata":{}},{"output_type":"stream","name":"stdout","text":["Saving Churn_Modelling.csv to Churn_Modelling.csv\n"]}]},{"cell_type":"code","source":["df = pd.read_csv(io.StringIO(data['Churn_Modelling.csv'].decode('utf-8')))"],"metadata":{"id":"OImhdvB21fMk","executionInfo":{"status":"ok","timestamp":1663944869429,"user_tz":-240,"elapsed":398,"user":{"displayName":"benishan","userId":"08980193435420648673"}}},"execution_count":18,"outputs":[]},{"cell_type":"code","source":["df.head"],"metadata":{"colab":{"base_uri":"https://localhost:8080/"},"id":"MikMjrdA19Mo","executionInfo":{"status":"ok","timestamp":1663944910558,"user_tz":-240,"elapsed":420,"user":{"displayName":"benishan","userId":"08980193435420648673"}},"outputId":"14937318-4507-40ff-bd6f-ac9f0605f092"},"execution_count":19,"outputs":[{"output_type":"execute_result","data":{"text/plain":["<bound method NDFrame.head of       RowNumber  CustomerId    Surname  CreditScore Geography  Gender  Age  \\\n","0             1    15634602   Hargrave          619    France  Female   42   \n","1             2    15647311       Hill          608     Spain  Female   41   \n","2             3    15619304       Onio          502    France  Female   42   \n","3             4    15701354       Boni          699    France  Female   39   \n","4             5    15737888   Mitchell          850     Spain  Female   43   \n","...         ...         ...        ...          ...       ...     ...  ...   \n","9995       9996    15606229   Obijiaku          771    France    Male   39   \n","9996       9997    15569892  Johnstone          516    France    Male   35   \n","9997       9998    15584532        Liu          709    France  Female   36   \n","9998       9999    15682355  Sabbatini          772   Germany    Male   42   \n","9999      10000    15628319     Walker          792    France  Female   28   \n","\n","      Tenure    Balance  NumOfProducts  HasCrCard  IsActiveMember  \\\n","0          2       0.00              1          1               1   \n","1          1   83807.86              1          0               1   \n","2          8  159660.80              3          1               0   \n","3          1       0.00              2          0               0   \n","4          2  125510.82              1          1               1   \n","...      ...        ...            ...        ...             ...   \n","9995       5       0.00              2          1               0   \n","9996      10   57369.61              1          1               1   \n","9997       7       0.00              1          0               1   \n","9998       3   75075.31              2          1               0   \n","9999       4  130142.79              1          1               0   \n","\n","      EstimatedSalary  Exited  \n","0           101348.88       1  \n","1           112542.58       0  \n","2           113931.57       1  \n","3            93826.63       0  \n","4            79084.10       0  \n","...               ...     ...  \n","9995         96270.64       0  \n","9996        101699.77       0  \n","9997         42085.58       1  \n","9998         92888.52       1  \n","9999         38190.78       0  \n","\n","[10000 rows x 14 columns]>"]},"metadata":{},"execution_count":19}]},{"cell_type":"code","source":["plt.scatter (df.index, df ['sepal.width'])\n","plt.show()"],"metadata":{"colab":{"base_uri":"https://localhost:8080/","height":502},"id":"wk852FsF2NVQ","executionInfo":{"status":"error","timestamp":1663947480633,"user_tz":-240,"elapsed":410,"user":{"displayName":"benishan","userId":"08980193435420648673"}},"outputId":"debb2303-aad5-417b-e6ad-1d25e0d51a99"},"execution_count":20,"outputs":[{"output_type":"error","ename":"KeyError","evalue":"ignored","traceback":["\u001b[0;31m---------------------------------------------------------------------------\u001b[0m","\u001b[0;31mKeyError\u001b[0m                                  Traceback (most recent call last)","\u001b[0;32m/usr/local/lib/python3.7/dist-packages/pandas/core/indexes/base.py\u001b[0m in \u001b[0;36mget_loc\u001b[0;34m(self, key, method, tolerance)\u001b[0m\n\u001b[1;32m   3360\u001b[0m             \u001b[0;32mtry\u001b[0m\u001b[0;34m:\u001b[0m\u001b[0;34m\u001b[0m\u001b[0;34m\u001b[0m\u001b[0m\n\u001b[0;32m-> 3361\u001b[0;31m                 \u001b[0;32mreturn\u001b[0m \u001b[0mself\u001b[0m\u001b[0;34m.\u001b[0m\u001b[0m_engine\u001b[0m\u001b[0;34m.\u001b[0m\u001b[0mget_loc\u001b[0m\u001b[0;34m(\u001b[0m\u001b[0mcasted_key\u001b[0m\u001b[0;34m)\u001b[0m\u001b[0;34m\u001b[0m\u001b[0;34m\u001b[0m\u001b[0m\n\u001b[0m\u001b[1;32m   3362\u001b[0m             \u001b[0;32mexcept\u001b[0m \u001b[0mKeyError\u001b[0m \u001b[0;32mas\u001b[0m \u001b[0merr\u001b[0m\u001b[0;34m:\u001b[0m\u001b[0;34m\u001b[0m\u001b[0;34m\u001b[0m\u001b[0m\n","\u001b[0;32m/usr/local/lib/python3.7/dist-packages/pandas/_libs/index.pyx\u001b[0m in \u001b[0;36mpandas._libs.index.IndexEngine.get_loc\u001b[0;34m()\u001b[0m\n","\u001b[0;32m/usr/local/lib/python3.7/dist-packages/pandas/_libs/index.pyx\u001b[0m in \u001b[0;36mpandas._libs.index.IndexEngine.get_loc\u001b[0;34m()\u001b[0m\n","\u001b[0;32mpandas/_libs/hashtable_class_helper.pxi\u001b[0m in \u001b[0;36mpandas._libs.hashtable.PyObjectHashTable.get_item\u001b[0;34m()\u001b[0m\n","\u001b[0;32mpandas/_libs/hashtable_class_helper.pxi\u001b[0m in \u001b[0;36mpandas._libs.hashtable.PyObjectHashTable.get_item\u001b[0;34m()\u001b[0m\n","\u001b[0;31mKeyError\u001b[0m: 'sepal.width'","\nThe above exception was the direct cause of the following exception:\n","\u001b[0;31mKeyError\u001b[0m                                  Traceback (most recent call last)","\u001b[0;32m<ipython-input-20-4062ca1b76f2>\u001b[0m in \u001b[0;36m<module>\u001b[0;34m\u001b[0m\n\u001b[0;32m----> 1\u001b[0;31m \u001b[0mplt\u001b[0m\u001b[0;34m.\u001b[0m\u001b[0mscatter\u001b[0m \u001b[0;34m(\u001b[0m\u001b[0mdf\u001b[0m\u001b[0;34m.\u001b[0m\u001b[0mindex\u001b[0m\u001b[0;34m,\u001b[0m \u001b[0mdf\u001b[0m \u001b[0;34m[\u001b[0m\u001b[0;34m'sepal.width'\u001b[0m\u001b[0;34m]\u001b[0m\u001b[0;34m)\u001b[0m\u001b[0;34m\u001b[0m\u001b[0;34m\u001b[0m\u001b[0m\n\u001b[0m\u001b[1;32m      2\u001b[0m \u001b[0mplt\u001b[0m\u001b[0;34m.\u001b[0m\u001b[0mshow\u001b[0m\u001b[0;34m(\u001b[0m\u001b[0;34m)\u001b[0m\u001b[0;34m\u001b[0m\u001b[0;34m\u001b[0m\u001b[0m\n","\u001b[0;32m/usr/local/lib/python3.7/dist-packages/pandas/core/frame.py\u001b[0m in \u001b[0;36m__getitem__\u001b[0;34m(self, key)\u001b[0m\n\u001b[1;32m   3456\u001b[0m             \u001b[0;32mif\u001b[0m \u001b[0mself\u001b[0m\u001b[0;34m.\u001b[0m\u001b[0mcolumns\u001b[0m\u001b[0;34m.\u001b[0m\u001b[0mnlevels\u001b[0m \u001b[0;34m>\u001b[0m \u001b[0;36m1\u001b[0m\u001b[0;34m:\u001b[0m\u001b[0;34m\u001b[0m\u001b[0;34m\u001b[0m\u001b[0m\n\u001b[1;32m   3457\u001b[0m                 \u001b[0;32mreturn\u001b[0m \u001b[0mself\u001b[0m\u001b[0;34m.\u001b[0m\u001b[0m_getitem_multilevel\u001b[0m\u001b[0;34m(\u001b[0m\u001b[0mkey\u001b[0m\u001b[0;34m)\u001b[0m\u001b[0;34m\u001b[0m\u001b[0;34m\u001b[0m\u001b[0m\n\u001b[0;32m-> 3458\u001b[0;31m             \u001b[0mindexer\u001b[0m \u001b[0;34m=\u001b[0m \u001b[0mself\u001b[0m\u001b[0;34m.\u001b[0m\u001b[0mcolumns\u001b[0m\u001b[0;34m.\u001b[0m\u001b[0mget_loc\u001b[0m\u001b[0;34m(\u001b[0m\u001b[0mkey\u001b[0m\u001b[0;34m)\u001b[0m\u001b[0;34m\u001b[0m\u001b[0;34m\u001b[0m\u001b[0m\n\u001b[0m\u001b[1;32m   3459\u001b[0m             \u001b[0;32mif\u001b[0m \u001b[0mis_integer\u001b[0m\u001b[0;34m(\u001b[0m\u001b[0mindexer\u001b[0m\u001b[0;34m)\u001b[0m\u001b[0;34m:\u001b[0m\u001b[0;34m\u001b[0m\u001b[0;34m\u001b[0m\u001b[0m\n\u001b[1;32m   3460\u001b[0m                 \u001b[0mindexer\u001b[0m \u001b[0;34m=\u001b[0m \u001b[0;34m[\u001b[0m\u001b[0mindexer\u001b[0m\u001b[0;34m]\u001b[0m\u001b[0;34m\u001b[0m\u001b[0;34m\u001b[0m\u001b[0m\n","\u001b[0;32m/usr/local/lib/python3.7/dist-packages/pandas/core/indexes/base.py\u001b[0m in \u001b[0;36mget_loc\u001b[0;34m(self, key, method, tolerance)\u001b[0m\n\u001b[1;32m   3361\u001b[0m                 \u001b[0;32mreturn\u001b[0m \u001b[0mself\u001b[0m\u001b[0;34m.\u001b[0m\u001b[0m_engine\u001b[0m\u001b[0;34m.\u001b[0m\u001b[0mget_loc\u001b[0m\u001b[0;34m(\u001b[0m\u001b[0mcasted_key\u001b[0m\u001b[0;34m)\u001b[0m\u001b[0;34m\u001b[0m\u001b[0;34m\u001b[0m\u001b[0m\n\u001b[1;32m   3362\u001b[0m             \u001b[0;32mexcept\u001b[0m \u001b[0mKeyError\u001b[0m \u001b[0;32mas\u001b[0m \u001b[0merr\u001b[0m\u001b[0;34m:\u001b[0m\u001b[0;34m\u001b[0m\u001b[0;34m\u001b[0m\u001b[0m\n\u001b[0;32m-> 3363\u001b[0;31m                 \u001b[0;32mraise\u001b[0m \u001b[0mKeyError\u001b[0m\u001b[0;34m(\u001b[0m\u001b[0mkey\u001b[0m\u001b[0;34m)\u001b[0m \u001b[0;32mfrom\u001b[0m \u001b[0merr\u001b[0m\u001b[0;34m\u001b[0m\u001b[0;34m\u001b[0m\u001b[0m\n\u001b[0m\u001b[1;32m   3364\u001b[0m \u001b[0;34m\u001b[0m\u001b[0m\n\u001b[1;32m   3365\u001b[0m         \u001b[0;32mif\u001b[0m \u001b[0mis_scalar\u001b[0m\u001b[0;34m(\u001b[0m\u001b[0mkey\u001b[0m\u001b[0;34m)\u001b[0m \u001b[0;32mand\u001b[0m \u001b[0misna\u001b[0m\u001b[0;34m(\u001b[0m\u001b[0mkey\u001b[0m\u001b[0;34m)\u001b[0m \u001b[0;32mand\u001b[0m \u001b[0;32mnot\u001b[0m \u001b[0mself\u001b[0m\u001b[0;34m.\u001b[0m\u001b[0mhasnans\u001b[0m\u001b[0;34m:\u001b[0m\u001b[0;34m\u001b[0m\u001b[0;34m\u001b[0m\u001b[0m\n","\u001b[0;31mKeyError\u001b[0m: 'sepal.width'"]}]}]}